23:18:35 **** Build of configuration Debug for project SRAMMaster ****
cs-make all 
'Building file: ../cyfx_gcc_startup.S'
'Invoking: Cross ARM GNU Assembler'
arm-none-eabi-gcc -mcpu=arm926ej-s -marm -mthumb-interwork -O0 -fmessage-length=0 -fsigned-char -ffunction-sections -fdata-sections -Wall  -g3 -x assembler-with-cpp -I"D:\Program Files (x86)\Cypress\EZ-USB FX3 SDK\1.3\/fw_lib/1_3_5/inc" -MMD -MP -MF"cyfx_gcc_startup.d" -MT"cyfx_gcc_startup.o" -c -o "cyfx_gcc_startup.o" "../cyfx_gcc_startup.S"
'Finished building: ../cyfx_gcc_startup.S'
' '
'Building file: ../cyfxsrammaster.c'
'Invoking: Cross ARM C Compiler'
arm-none-eabi-gcc -mcpu=arm926ej-s -marm -mthumb-interwork -O0 -fmessage-length=0 -fsigned-char -ffunction-sections -fdata-sections -Wall  -g3 -D__CYU3P_TX__=1 -I"D:\Program Files (x86)\Cypress\EZ-USB FX3 SDK\1.3\/fw_lib/1_3_5/inc" -std=gnu11 -MMD -MP -MF"cyfxsrammaster.d" -MT"cyfxsrammaster.o" -c -o "cyfxsrammaster.o" "../cyfxsrammaster.c"
'Finished building: ../cyfxsrammaster.c'
' '
'Building file: ../cyfxsramusbdscr.c'
'Invoking: Cross ARM C Compiler'
arm-none-eabi-gcc -mcpu=arm926ej-s -marm -mthumb-interwork -O0 -fmessage-length=0 -fsigned-char -ffunction-sections -fdata-sections -Wall  -g3 -D__CYU3P_TX__=1 -I"D:\Program Files (x86)\Cypress\EZ-USB FX3 SDK\1.3\/fw_lib/1_3_5/inc" -std=gnu11 -MMD -MP -MF"cyfxsramusbdscr.d" -MT"cyfxsramusbdscr.o" -c -o "cyfxsramusbdscr.o" "../cyfxsramusbdscr.c"
'Finished building: ../cyfxsramusbdscr.c'
' '
'Building file: ../cyfxtx.c'
'Invoking: Cross ARM C Compiler'
arm-none-eabi-gcc -mcpu=arm926ej-s -marm -mthumb-interwork -O0 -fmessage-length=0 -fsigned-char -ffunction-sections -fdata-sections -Wall  -g3 -D__CYU3P_TX__=1 -I"D:\Program Files (x86)\Cypress\EZ-USB FX3 SDK\1.3\/fw_lib/1_3_5/inc" -std=gnu11 -MMD -MP -MF"cyfxtx.d" -MT"cyfxtx.o" -c -o "cyfxtx.o" "../cyfxtx.c"
'Finished building: ../cyfxtx.c'
' '
'Building target: SRAMMaster.elf'
'Invoking: Cross ARM C Linker'
arm-none-eabi-gcc -mcpu=arm926ej-s -marm -mthumb-interwork -O0 -fmessage-length=0 -fsigned-char -ffunction-sections -fdata-sections -Wall  -g3 -T "D:\Program Files (x86)\Cypress\EZ-USB FX3 SDK\1.3\/fw_build/fx3_fw/fx3.ld" -nostartfiles -Xlinker --gc-sections -L"D:\Program Files (x86)\Cypress\EZ-USB FX3 SDK\1.3\/fw_lib/1_3_5/fx3_debug" -L"D:\Program Files (x86)\Cypress\EZ-USB FX3 SDK\1.3\ARM GCC\/lib/gcc/arm-none-eabi/4.8.1" -L"D:\Program Files (x86)\Cypress\EZ-USB FX3 SDK\1.3\ARM GCC\/arm-none-eabi/lib" -Wl,-Map,"SRAMMaster.map" -Wl,-d  -Wl,--no-wchar-size-warning -Wl,--entry,CyU3PFirmwareEntry -o "SRAMMaster.elf"  ./cyfx_gcc_startup.o ./cyfxsrammaster.o ./cyfxsramusbdscr.o ./cyfxtx.o   -lcyu3lpp -lcyfxapi -lcyu3threadx -lc -lgcc
'Finished building target: SRAMMaster.elf'
' '
cs-make --no-print-directory post-build
'Generate boot-loadable binary image'
elf2img.exe -i SRAMMaster.elf -o SRAMMaster.img -v
Endian-ness    : Little
Entry point    : 0x4000c498
Program header table offset: 0x00000034
Program header count       : 3
Program header entry size  : 0x0020
Copying data from program header:
	Addr=0x00000100 Size(words)=0x000009e2 FileSize=0x000009e2 Offset=0x00000100 Flags=0x00000005
Copying data from program header:
	Addr=0x40003000 Size(words)=0x00004000 FileSize=0x00004000 Offset=0x00003000 Flags=0x00000005
Copying data from program header:
	Addr=0x40013000 Size(words)=0x00002d9e FileSize=0x00002d9e Offset=0x00013000 Flags=0x00000005
Copying data from program header:
Note: 256 bytes of interrupt vector code have been removed from the image.
	Addr=0x40030000 Size(words)=0x0000075e FileSize=0x0000013b Offset=0x00020000 Flags=0x00000006
      Use the "-vectorload yes" option to retain this code.

' '

23:19:48 Build Finished (took 1m:13s.619ms)

